{"/Users/leenoad/development/wdi-group-project/index.js":{"path":"/Users/leenoad/development/wdi-group-project/index.js","s":{"1":1,"2":1,"3":1,"4":1,"5":1,"6":1,"7":1,"8":1,"9":1,"10":1,"11":1,"12":1,"13":1,"14":1,"15":1,"16":1,"17":1,"18":1,"19":1,"20":1,"21":1,"22":0,"23":1,"24":0},"b":{"1":[1,1],"2":[1,0]},"f":{},"fnMap":{},"statementMap":{"1":{"start":{"line":1,"column":0},"end":{"line":1,"column":35}},"2":{"start":{"line":2,"column":0},"end":{"line":2,"column":41}},"3":{"start":{"line":3,"column":0},"end":{"line":3,"column":26}},"4":{"start":{"line":4,"column":0},"end":{"line":4,"column":38}},"5":{"start":{"line":7,"column":0},"end":{"line":7,"column":39}},"6":{"start":{"line":8,"column":0},"end":{"line":8,"column":39}},"7":{"start":{"line":9,"column":0},"end":{"line":9,"column":37}},"8":{"start":{"line":10,"column":0},"end":{"line":10,"column":42}},"9":{"start":{"line":11,"column":0},"end":{"line":11,"column":35}},"10":{"start":{"line":12,"column":0},"end":{"line":12,"column":42}},"11":{"start":{"line":13,"column":0},"end":{"line":13,"column":43}},"12":{"start":{"line":14,"column":0},"end":{"line":14,"column":46}},"13":{"start":{"line":17,"column":0},"end":{"line":17,"column":47}},"14":{"start":{"line":20,"column":0},"end":{"line":20,"column":23}},"15":{"start":{"line":22,"column":0},"end":{"line":22,"column":53}},"16":{"start":{"line":22,"column":37},"end":{"line":22,"column":53}},"17":{"start":{"line":23,"column":0},"end":{"line":23,"column":27}},"18":{"start":{"line":24,"column":0},"end":{"line":24,"column":51}},"19":{"start":{"line":25,"column":0},"end":{"line":25,"column":30}},"20":{"start":{"line":28,"column":0},"end":{"line":34,"column":6}},"21":{"start":{"line":38,"column":0},"end":{"line":38,"column":64}},"22":{"start":{"line":38,"column":28},"end":{"line":38,"column":62}},"23":{"start":{"line":40,"column":0},"end":{"line":40,"column":76}},"24":{"start":{"line":40,"column":23},"end":{"line":40,"column":74}}},"branchMap":{"1":{"line":2,"type":"binary-expr","locations":[{"start":{"line":2,"column":16},"end":{"line":2,"column":32}},{"start":{"line":2,"column":36},"end":{"line":2,"column":40}}]},"2":{"line":22,"type":"if","locations":[{"start":{"line":22,"column":0},"end":{"line":22,"column":0}},{"start":{"line":22,"column":0},"end":{"line":22,"column":0}}]}}},"/Users/leenoad/development/wdi-group-project/config/env.js":{"path":"/Users/leenoad/development/wdi-group-project/config/env.js","s":{"1":1},"b":{"1":[1,1]},"f":{},"fnMap":{},"statementMap":{"1":{"start":{"line":2,"column":0},"end":{"line":10,"column":2}}},"branchMap":{"1":{"line":9,"type":"binary-expr","locations":[{"start":{"line":9,"column":10},"end":{"line":9,"column":28}},{"start":{"line":9,"column":32},"end":{"line":9,"column":59}}]}}},"/Users/leenoad/development/wdi-group-project/config/routes.js":{"path":"/Users/leenoad/development/wdi-group-project/config/routes.js","s":{},"b":{},"f":{},"fnMap":{},"statementMap":{},"branchMap":{}},"/Users/leenoad/development/wdi-group-project/models/product.js":{"path":"/Users/leenoad/development/wdi-group-project/models/product.js","s":{"1":1,"2":1,"3":1},"b":{},"f":{},"fnMap":{},"statementMap":{"1":{"start":{"line":1,"column":0},"end":{"line":1,"column":38}},"2":{"start":{"line":3,"column":0},"end":{"line":24,"column":3}},"3":{"start":{"line":26,"column":0},"end":{"line":26,"column":58}}},"branchMap":{}}}