{"/Users/seaner/development/wdi-group-project/index.js":{"path":"/Users/seaner/development/wdi-group-project/index.js","s":{"1":1,"2":1,"3":1,"4":1,"5":1,"6":1,"7":1,"8":1,"9":1,"10":1,"11":1,"12":1,"13":1,"14":1,"15":1,"16":1,"17":1,"18":1,"19":1,"20":1,"21":1,"22":1,"23":0,"24":1,"25":1},"b":{"1":[1,1],"2":[1,0]},"f":{},"fnMap":{},"statementMap":{"1":{"start":{"line":1,"column":0},"end":{"line":1,"column":35}},"2":{"start":{"line":2,"column":0},"end":{"line":2,"column":41}},"3":{"start":{"line":3,"column":0},"end":{"line":3,"column":26}},"4":{"start":{"line":4,"column":0},"end":{"line":4,"column":38}},"5":{"start":{"line":7,"column":0},"end":{"line":7,"column":39}},"6":{"start":{"line":8,"column":0},"end":{"line":8,"column":39}},"7":{"start":{"line":9,"column":0},"end":{"line":9,"column":37}},"8":{"start":{"line":10,"column":0},"end":{"line":10,"column":42}},"9":{"start":{"line":11,"column":0},"end":{"line":11,"column":35}},"10":{"start":{"line":12,"column":0},"end":{"line":12,"column":42}},"11":{"start":{"line":13,"column":0},"end":{"line":13,"column":43}},"12":{"start":{"line":14,"column":0},"end":{"line":14,"column":46}},"13":{"start":{"line":17,"column":0},"end":{"line":17,"column":47}},"14":{"start":{"line":20,"column":0},"end":{"line":20,"column":23}},"15":{"start":{"line":22,"column":0},"end":{"line":22,"column":53}},"16":{"start":{"line":22,"column":37},"end":{"line":22,"column":53}},"17":{"start":{"line":23,"column":0},"end":{"line":23,"column":27}},"18":{"start":{"line":24,"column":0},"end":{"line":24,"column":51}},"19":{"start":{"line":25,"column":0},"end":{"line":25,"column":30}},"20":{"start":{"line":28,"column":0},"end":{"line":34,"column":6}},"21":{"start":{"line":37,"column":0},"end":{"line":37,"column":24}},"22":{"start":{"line":38,"column":0},"end":{"line":38,"column":64}},"23":{"start":{"line":38,"column":28},"end":{"line":38,"column":62}},"24":{"start":{"line":40,"column":0},"end":{"line":40,"column":76}},"25":{"start":{"line":40,"column":23},"end":{"line":40,"column":74}}},"branchMap":{"1":{"line":2,"type":"binary-expr","locations":[{"start":{"line":2,"column":16},"end":{"line":2,"column":32}},{"start":{"line":2,"column":36},"end":{"line":2,"column":40}}]},"2":{"line":22,"type":"if","locations":[{"start":{"line":22,"column":0},"end":{"line":22,"column":0}},{"start":{"line":22,"column":0},"end":{"line":22,"column":0}}]}}},"/Users/seaner/development/wdi-group-project/config/env.js":{"path":"/Users/seaner/development/wdi-group-project/config/env.js","s":{"1":1},"b":{"1":[1,1]},"f":{},"fnMap":{},"statementMap":{"1":{"start":{"line":2,"column":0},"end":{"line":10,"column":2}}},"branchMap":{"1":{"line":9,"type":"binary-expr","locations":[{"start":{"line":9,"column":10},"end":{"line":9,"column":28}},{"start":{"line":9,"column":32},"end":{"line":9,"column":59}}]}}},"/Users/seaner/development/wdi-group-project/config/routes.js":{"path":"/Users/seaner/development/wdi-group-project/config/routes.js","s":{"1":1,"2":1,"3":1,"4":1,"5":1,"6":1,"7":1,"8":1,"9":1,"10":1,"11":1},"b":{},"f":{},"fnMap":{},"statementMap":{"1":{"start":{"line":1,"column":0},"end":{"line":1,"column":35}},"2":{"start":{"line":2,"column":0},"end":{"line":2,"column":33}},"3":{"start":{"line":4,"column":0},"end":{"line":4,"column":48}},"4":{"start":{"line":5,"column":0},"end":{"line":5,"column":67}},"5":{"start":{"line":6,"column":0},"end":{"line":6,"column":54}},"6":{"start":{"line":8,"column":0},"end":{"line":9,"column":33}},"7":{"start":{"line":10,"column":0},"end":{"line":11,"column":30}},"8":{"start":{"line":13,"column":0},"end":{"line":14,"column":20}},"9":{"start":{"line":15,"column":0},"end":{"line":18,"column":24}},"10":{"start":{"line":21,"column":0},"end":{"line":22,"column":23}},"11":{"start":{"line":28,"column":0},"end":{"line":28,"column":24}}},"branchMap":{}},"/Users/seaner/development/wdi-group-project/controllers/users.js":{"path":"/Users/seaner/development/wdi-group-project/controllers/users.js","s":{"1":1,"2":1,"3":0,"4":0,"5":0,"6":0,"7":0,"8":1,"9":0,"10":0,"11":0,"12":0,"13":0,"14":0,"15":1,"16":0,"17":0,"18":0,"19":0,"20":0,"21":0,"22":1,"23":0,"24":0,"25":0,"26":0,"27":0,"28":0,"29":1},"b":{"1":[0,0],"2":[0,0],"3":[0,0],"4":[0,0],"5":[0,0],"6":[0,0],"7":[0,0]},"f":{"1":0,"2":0,"3":0,"4":0},"fnMap":{"1":{"name":"usersIndex","line":3,"loc":{"start":{"line":3,"column":0},"end":{"line":3,"column":30}}},"2":{"name":"usersShow","line":10,"loc":{"start":{"line":10,"column":0},"end":{"line":10,"column":29}}},"3":{"name":"usersUpdate","line":17,"loc":{"start":{"line":17,"column":0},"end":{"line":17,"column":31}}},"4":{"name":"usersDelete","line":24,"loc":{"start":{"line":24,"column":0},"end":{"line":24,"column":31}}}},"statementMap":{"1":{"start":{"line":1,"column":0},"end":{"line":1,"column":40}},"2":{"start":{"line":3,"column":0},"end":{"line":9,"column":1}},"3":{"start":{"line":4,"column":2},"end":{"line":8,"column":5}},"4":{"start":{"line":5,"column":4},"end":{"line":5,"column":108}},"5":{"start":{"line":5,"column":13},"end":{"line":5,"column":108}},"6":{"start":{"line":6,"column":4},"end":{"line":6,"column":42}},"7":{"start":{"line":7,"column":4},"end":{"line":7,"column":39}},"8":{"start":{"line":10,"column":0},"end":{"line":16,"column":1}},"9":{"start":{"line":11,"column":2},"end":{"line":15,"column":5}},"10":{"start":{"line":12,"column":4},"end":{"line":12,"column":117}},"11":{"start":{"line":12,"column":13},"end":{"line":12,"column":117}},"12":{"start":{"line":13,"column":4},"end":{"line":13,"column":76}},"13":{"start":{"line":13,"column":15},"end":{"line":13,"column":76}},"14":{"start":{"line":14,"column":4},"end":{"line":14,"column":38}},"15":{"start":{"line":17,"column":0},"end":{"line":23,"column":1}},"16":{"start":{"line":18,"column":2},"end":{"line":22,"column":5}},"17":{"start":{"line":19,"column":4},"end":{"line":19,"column":118}},"18":{"start":{"line":19,"column":13},"end":{"line":19,"column":118}},"19":{"start":{"line":20,"column":4},"end":{"line":20,"column":76}},"20":{"start":{"line":20,"column":15},"end":{"line":20,"column":76}},"21":{"start":{"line":21,"column":4},"end":{"line":21,"column":38}},"22":{"start":{"line":24,"column":0},"end":{"line":30,"column":1}},"23":{"start":{"line":25,"column":2},"end":{"line":29,"column":5}},"24":{"start":{"line":26,"column":4},"end":{"line":26,"column":118}},"25":{"start":{"line":26,"column":13},"end":{"line":26,"column":118}},"26":{"start":{"line":27,"column":4},"end":{"line":27,"column":76}},"27":{"start":{"line":27,"column":15},"end":{"line":27,"column":76}},"28":{"start":{"line":28,"column":4},"end":{"line":28,"column":31}},"29":{"start":{"line":32,"column":0},"end":{"line":37,"column":2}}},"branchMap":{"1":{"line":5,"type":"if","locations":[{"start":{"line":5,"column":4},"end":{"line":5,"column":4}},{"start":{"line":5,"column":4},"end":{"line":5,"column":4}}]},"2":{"line":12,"type":"if","locations":[{"start":{"line":12,"column":4},"end":{"line":12,"column":4}},{"start":{"line":12,"column":4},"end":{"line":12,"column":4}}]},"3":{"line":13,"type":"if","locations":[{"start":{"line":13,"column":4},"end":{"line":13,"column":4}},{"start":{"line":13,"column":4},"end":{"line":13,"column":4}}]},"4":{"line":19,"type":"if","locations":[{"start":{"line":19,"column":4},"end":{"line":19,"column":4}},{"start":{"line":19,"column":4},"end":{"line":19,"column":4}}]},"5":{"line":20,"type":"if","locations":[{"start":{"line":20,"column":4},"end":{"line":20,"column":4}},{"start":{"line":20,"column":4},"end":{"line":20,"column":4}}]},"6":{"line":26,"type":"if","locations":[{"start":{"line":26,"column":4},"end":{"line":26,"column":4}},{"start":{"line":26,"column":4},"end":{"line":26,"column":4}}]},"7":{"line":27,"type":"if","locations":[{"start":{"line":27,"column":4},"end":{"line":27,"column":4}},{"start":{"line":27,"column":4},"end":{"line":27,"column":4}}]}}},"/Users/seaner/development/wdi-group-project/models/user.js":{"path":"/Users/seaner/development/wdi-group-project/models/user.js","s":{"1":1,"2":1,"3":1,"4":1,"5":1,"6":1,"7":1,"8":1,"9":1,"10":1,"11":0,"12":0,"13":0,"14":1,"15":1,"16":0,"17":0,"18":1,"19":0,"20":1,"21":0,"22":0,"23":0,"24":0,"25":0,"26":0,"27":0,"28":1,"29":0,"30":0,"31":1,"32":0},"b":{"1":[0,0],"2":[0,0],"3":[0,0],"4":[0,0],"5":[0,0]},"f":{"1":0,"2":0,"3":0,"4":0,"5":0,"6":0},"fnMap":{"1":{"name":"(anonymous_1)","line":53,"loc":{"start":{"line":53,"column":13},"end":{"line":53,"column":32}}},"2":{"name":"setPassword","line":65,"loc":{"start":{"line":65,"column":0},"end":{"line":65,"column":28}}},"3":{"name":"setPasswordConfirmation","line":72,"loc":{"start":{"line":72,"column":0},"end":{"line":72,"column":55}}},"4":{"name":"validatePasswordHash","line":77,"loc":{"start":{"line":77,"column":0},"end":{"line":77,"column":32}}},"5":{"name":"validateEmail","line":92,"loc":{"start":{"line":92,"column":0},"end":{"line":92,"column":30}}},"6":{"name":"validatePassword","line":98,"loc":{"start":{"line":98,"column":0},"end":{"line":98,"column":36}}}},"statementMap":{"1":{"start":{"line":2,"column":0},"end":{"line":2,"column":38}},"2":{"start":{"line":4,"column":0},"end":{"line":4,"column":36}},"3":{"start":{"line":6,"column":0},"end":{"line":6,"column":39}},"4":{"start":{"line":9,"column":0},"end":{"line":26,"column":3}},"5":{"start":{"line":29,"column":0},"end":{"line":31,"column":20}},"6":{"start":{"line":34,"column":0},"end":{"line":36,"column":32}},"7":{"start":{"line":39,"column":0},"end":{"line":41,"column":34}},"8":{"start":{"line":44,"column":0},"end":{"line":46,"column":27}},"9":{"start":{"line":48,"column":0},"end":{"line":48,"column":55}},"10":{"start":{"line":52,"column":0},"end":{"line":58,"column":3}},"11":{"start":{"line":54,"column":4},"end":{"line":54,"column":28}},"12":{"start":{"line":55,"column":4},"end":{"line":55,"column":19}},"13":{"start":{"line":56,"column":4},"end":{"line":56,"column":15}},"14":{"start":{"line":61,"column":0},"end":{"line":61,"column":52}},"15":{"start":{"line":65,"column":0},"end":{"line":68,"column":1}},"16":{"start":{"line":66,"column":2},"end":{"line":66,"column":25}},"17":{"start":{"line":67,"column":2},"end":{"line":67,"column":68}},"18":{"start":{"line":72,"column":0},"end":{"line":74,"column":1}},"19":{"start":{"line":73,"column":2},"end":{"line":73,"column":52}},"20":{"start":{"line":77,"column":0},"end":{"line":89,"column":1}},"21":{"start":{"line":78,"column":2},"end":{"line":88,"column":3}},"22":{"start":{"line":79,"column":4},"end":{"line":81,"column":5}},"23":{"start":{"line":80,"column":6},"end":{"line":80,"column":68}},"24":{"start":{"line":82,"column":4},"end":{"line":84,"column":5}},"25":{"start":{"line":83,"column":6},"end":{"line":83,"column":93}},"26":{"start":{"line":85,"column":4},"end":{"line":87,"column":5}},"27":{"start":{"line":86,"column":6},"end":{"line":86,"column":79}},"28":{"start":{"line":92,"column":0},"end":{"line":96,"column":1}},"29":{"start":{"line":93,"column":2},"end":{"line":95,"column":3}},"30":{"start":{"line":94,"column":4},"end":{"line":94,"column":76}},"31":{"start":{"line":98,"column":0},"end":{"line":100,"column":1}},"32":{"start":{"line":99,"column":2},"end":{"line":99,"column":57}}},"branchMap":{"1":{"line":78,"type":"if","locations":[{"start":{"line":78,"column":2},"end":{"line":78,"column":2}},{"start":{"line":78,"column":2},"end":{"line":78,"column":2}}]},"2":{"line":79,"type":"if","locations":[{"start":{"line":79,"column":4},"end":{"line":79,"column":4}},{"start":{"line":79,"column":4},"end":{"line":79,"column":4}}]},"3":{"line":82,"type":"if","locations":[{"start":{"line":82,"column":4},"end":{"line":82,"column":4}},{"start":{"line":82,"column":4},"end":{"line":82,"column":4}}]},"4":{"line":85,"type":"if","locations":[{"start":{"line":85,"column":4},"end":{"line":85,"column":4}},{"start":{"line":85,"column":4},"end":{"line":85,"column":4}}]},"5":{"line":93,"type":"if","locations":[{"start":{"line":93,"column":2},"end":{"line":93,"column":2}},{"start":{"line":93,"column":2},"end":{"line":93,"column":2}}]}}},"/Users/seaner/development/wdi-group-project/controllers/authentications.js":{"path":"/Users/seaner/development/wdi-group-project/controllers/authentications.js","s":{"1":1,"2":1,"3":1,"4":1,"5":0,"6":0,"7":0,"8":0,"9":0,"10":0,"11":1,"12":0,"13":0,"14":0,"15":0,"16":0,"17":0,"18":0,"19":1},"b":{"1":[0,0],"2":[0,0],"3":[0,0],"4":[0,0]},"f":{"1":0,"2":0},"fnMap":{"1":{"name":"authRegister","line":5,"loc":{"start":{"line":5,"column":0},"end":{"line":5,"column":32}}},"2":{"name":"authLogin","line":21,"loc":{"start":{"line":21,"column":0},"end":{"line":21,"column":29}}}},"statementMap":{"1":{"start":{"line":1,"column":0},"end":{"line":1,"column":45}},"2":{"start":{"line":2,"column":0},"end":{"line":2,"column":43}},"3":{"start":{"line":3,"column":0},"end":{"line":3,"column":41}},"4":{"start":{"line":5,"column":0},"end":{"line":19,"column":1}},"5":{"start":{"line":6,"column":2},"end":{"line":18,"column":5}},"6":{"start":{"line":7,"column":4},"end":{"line":7,"column":26}},"7":{"start":{"line":8,"column":4},"end":{"line":8,"column":119}},"8":{"start":{"line":8,"column":13},"end":{"line":8,"column":119}},"9":{"start":{"line":10,"column":4},"end":{"line":10,"column":126}},"10":{"start":{"line":13,"column":4},"end":{"line":17,"column":7}},"11":{"start":{"line":21,"column":0},"end":{"line":35,"column":1}},"12":{"start":{"line":22,"column":2},"end":{"line":34,"column":5}},"13":{"start":{"line":23,"column":4},"end":{"line":23,"column":105}},"14":{"start":{"line":23,"column":13},"end":{"line":23,"column":105}},"15":{"start":{"line":24,"column":4},"end":{"line":26,"column":5}},"16":{"start":{"line":25,"column":6},"end":{"line":25,"column":106}},"17":{"start":{"line":28,"column":4},"end":{"line":28,"column":126}},"18":{"start":{"line":29,"column":4},"end":{"line":33,"column":7}},"19":{"start":{"line":39,"column":0},"end":{"line":42,"column":2}}},"branchMap":{"1":{"line":8,"type":"if","locations":[{"start":{"line":8,"column":4},"end":{"line":8,"column":4}},{"start":{"line":8,"column":4},"end":{"line":8,"column":4}}]},"2":{"line":23,"type":"if","locations":[{"start":{"line":23,"column":4},"end":{"line":23,"column":4}},{"start":{"line":23,"column":4},"end":{"line":23,"column":4}}]},"3":{"line":24,"type":"if","locations":[{"start":{"line":24,"column":4},"end":{"line":24,"column":4}},{"start":{"line":24,"column":4},"end":{"line":24,"column":4}}]},"4":{"line":24,"type":"binary-expr","locations":[{"start":{"line":24,"column":8},"end":{"line":24,"column":13}},{"start":{"line":24,"column":17},"end":{"line":24,"column":58}}]}}},"/Users/seaner/development/wdi-group-project/controllers/products.js":{"path":"/Users/seaner/development/wdi-group-project/controllers/products.js","s":{"1":1,"2":1,"3":0,"4":0,"5":0,"6":0,"7":0,"8":1,"9":0,"10":0,"11":0,"12":0,"13":0,"14":0,"15":0,"16":1,"17":0,"18":0,"19":0,"20":0,"21":0,"22":0,"23":1,"24":0,"25":0,"26":0,"27":0,"28":0,"29":0,"30":1},"b":{"1":[0,0],"2":[0,0],"3":[0,0],"4":[0,0],"5":[0,0],"6":[0,0],"7":[0,0]},"f":{"1":0,"2":0,"3":0,"4":0},"fnMap":{"1":{"name":"productsIndex","line":3,"loc":{"start":{"line":3,"column":0},"end":{"line":3,"column":33}}},"2":{"name":"productsShow","line":17,"loc":{"start":{"line":17,"column":0},"end":{"line":17,"column":32}}},"3":{"name":"productsUpdate","line":26,"loc":{"start":{"line":26,"column":0},"end":{"line":26,"column":34}}},"4":{"name":"productsDelete","line":34,"loc":{"start":{"line":34,"column":0},"end":{"line":34,"column":34}}}},"statementMap":{"1":{"start":{"line":1,"column":0},"end":{"line":1,"column":46}},"2":{"start":{"line":3,"column":0},"end":{"line":15,"column":1}},"3":{"start":{"line":4,"column":2},"end":{"line":14,"column":7}},"4":{"start":{"line":8,"column":6},"end":{"line":8,"column":52}},"5":{"start":{"line":9,"column":6},"end":{"line":9,"column":44}},"6":{"start":{"line":12,"column":6},"end":{"line":12,"column":133}},"7":{"start":{"line":12,"column":15},"end":{"line":12,"column":133}},"8":{"start":{"line":17,"column":0},"end":{"line":24,"column":1}},"9":{"start":{"line":18,"column":2},"end":{"line":23,"column":5}},"10":{"start":{"line":19,"column":4},"end":{"line":19,"column":49}},"11":{"start":{"line":20,"column":4},"end":{"line":20,"column":126}},"12":{"start":{"line":20,"column":13},"end":{"line":20,"column":126}},"13":{"start":{"line":21,"column":4},"end":{"line":21,"column":131}},"14":{"start":{"line":21,"column":18},"end":{"line":21,"column":131}},"15":{"start":{"line":22,"column":4},"end":{"line":22,"column":41}},"16":{"start":{"line":26,"column":0},"end":{"line":32,"column":1}},"17":{"start":{"line":27,"column":2},"end":{"line":31,"column":5}},"18":{"start":{"line":28,"column":4},"end":{"line":28,"column":119}},"19":{"start":{"line":28,"column":13},"end":{"line":28,"column":119}},"20":{"start":{"line":29,"column":4},"end":{"line":29,"column":101}},"21":{"start":{"line":29,"column":18},"end":{"line":29,"column":101}},"22":{"start":{"line":30,"column":4},"end":{"line":30,"column":41}},"23":{"start":{"line":34,"column":0},"end":{"line":40,"column":1}},"24":{"start":{"line":35,"column":2},"end":{"line":39,"column":5}},"25":{"start":{"line":36,"column":4},"end":{"line":36,"column":118}},"26":{"start":{"line":36,"column":13},"end":{"line":36,"column":118}},"27":{"start":{"line":37,"column":4},"end":{"line":37,"column":121}},"28":{"start":{"line":37,"column":18},"end":{"line":37,"column":121}},"29":{"start":{"line":38,"column":4},"end":{"line":38,"column":31}},"30":{"start":{"line":42,"column":0},"end":{"line":47,"column":2}}},"branchMap":{"1":{"line":12,"type":"if","locations":[{"start":{"line":12,"column":6},"end":{"line":12,"column":6}},{"start":{"line":12,"column":6},"end":{"line":12,"column":6}}]},"2":{"line":20,"type":"if","locations":[{"start":{"line":20,"column":4},"end":{"line":20,"column":4}},{"start":{"line":20,"column":4},"end":{"line":20,"column":4}}]},"3":{"line":21,"type":"if","locations":[{"start":{"line":21,"column":4},"end":{"line":21,"column":4}},{"start":{"line":21,"column":4},"end":{"line":21,"column":4}}]},"4":{"line":28,"type":"if","locations":[{"start":{"line":28,"column":4},"end":{"line":28,"column":4}},{"start":{"line":28,"column":4},"end":{"line":28,"column":4}}]},"5":{"line":29,"type":"if","locations":[{"start":{"line":29,"column":4},"end":{"line":29,"column":4}},{"start":{"line":29,"column":4},"end":{"line":29,"column":4}}]},"6":{"line":36,"type":"if","locations":[{"start":{"line":36,"column":4},"end":{"line":36,"column":4}},{"start":{"line":36,"column":4},"end":{"line":36,"column":4}}]},"7":{"line":37,"type":"if","locations":[{"start":{"line":37,"column":4},"end":{"line":37,"column":4}},{"start":{"line":37,"column":4},"end":{"line":37,"column":4}}]}}},"/Users/seaner/development/wdi-group-project/models/product.js":{"path":"/Users/seaner/development/wdi-group-project/models/product.js","s":{"1":1,"2":1,"3":1},"b":{},"f":{},"fnMap":{},"statementMap":{"1":{"start":{"line":1,"column":0},"end":{"line":1,"column":38}},"2":{"start":{"line":3,"column":0},"end":{"line":24,"column":3}},"3":{"start":{"line":26,"column":0},"end":{"line":26,"column":58}}},"branchMap":{}}}