TN:
SF:/Users/seaner/development/wdi-group-project/index.js
FNF:0
FNH:0
DA:1,1
DA:2,1
DA:3,1
DA:4,1
DA:7,1
DA:8,1
DA:9,1
DA:10,1
DA:11,1
DA:12,1
DA:13,1
DA:14,1
DA:17,1
DA:20,1
DA:22,1
DA:23,1
DA:24,1
DA:25,1
DA:28,1
DA:37,1
DA:38,1
DA:40,1
LF:22
LH:22
BRDA:2,1,0,1
BRDA:2,1,1,1
BRDA:22,2,0,1
BRDA:22,2,1,0
BRF:4
BRH:3
end_of_record
TN:
SF:/Users/seaner/development/wdi-group-project/config/env.js
FNF:0
FNH:0
DA:2,1
LF:1
LH:1
BRDA:9,1,0,1
BRDA:9,1,1,1
BRF:2
BRH:2
end_of_record
TN:
SF:/Users/seaner/development/wdi-group-project/config/routes.js
FNF:0
FNH:0
DA:1,1
DA:2,1
DA:4,1
DA:5,1
DA:6,1
DA:8,1
DA:10,1
DA:13,1
DA:15,1
DA:21,1
DA:28,1
LF:11
LH:11
BRF:0
BRH:0
end_of_record
TN:
SF:/Users/seaner/development/wdi-group-project/controllers/users.js
FN:3,usersIndex
FN:10,usersShow
FN:17,usersUpdate
FN:24,usersDelete
FNF:4
FNH:0
FNDA:0,usersIndex
FNDA:0,usersShow
FNDA:0,usersUpdate
FNDA:0,usersDelete
DA:1,1
DA:3,1
DA:4,0
DA:5,0
DA:6,0
DA:7,0
DA:10,1
DA:11,0
DA:12,0
DA:13,0
DA:14,0
DA:17,1
DA:18,0
DA:19,0
DA:20,0
DA:21,0
DA:24,1
DA:25,0
DA:26,0
DA:27,0
DA:28,0
DA:32,1
LF:22
LH:6
BRDA:5,1,0,0
BRDA:5,1,1,0
BRDA:12,2,0,0
BRDA:12,2,1,0
BRDA:13,3,0,0
BRDA:13,3,1,0
BRDA:19,4,0,0
BRDA:19,4,1,0
BRDA:20,5,0,0
BRDA:20,5,1,0
BRDA:26,6,0,0
BRDA:26,6,1,0
BRDA:27,7,0,0
BRDA:27,7,1,0
BRF:14
BRH:0
end_of_record
TN:
SF:/Users/seaner/development/wdi-group-project/models/user.js
FN:53,(anonymous_1)
FN:65,setPassword
FN:72,setPasswordConfirmation
FN:77,validatePasswordHash
FN:92,validateEmail
FN:98,validatePassword
FNF:6
FNH:0
FNDA:0,(anonymous_1)
FNDA:0,setPassword
FNDA:0,setPasswordConfirmation
FNDA:0,validatePasswordHash
FNDA:0,validateEmail
FNDA:0,validatePassword
DA:2,1
DA:4,1
DA:6,1
DA:9,1
DA:29,1
DA:34,1
DA:39,1
DA:44,1
DA:48,1
DA:52,1
DA:54,0
DA:55,0
DA:56,0
DA:61,1
DA:65,1
DA:66,0
DA:67,0
DA:72,1
DA:73,0
DA:77,1
DA:78,0
DA:79,0
DA:80,0
DA:82,0
DA:83,0
DA:85,0
DA:86,0
DA:92,1
DA:93,0
DA:94,0
DA:98,1
DA:99,0
LF:32
LH:16
BRDA:78,1,0,0
BRDA:78,1,1,0
BRDA:79,2,0,0
BRDA:79,2,1,0
BRDA:82,3,0,0
BRDA:82,3,1,0
BRDA:85,4,0,0
BRDA:85,4,1,0
BRDA:93,5,0,0
BRDA:93,5,1,0
BRF:10
BRH:0
end_of_record
TN:
SF:/Users/seaner/development/wdi-group-project/controllers/authentications.js
FN:5,authRegister
FN:21,authLogin
FNF:2
FNH:0
FNDA:0,authRegister
FNDA:0,authLogin
DA:1,1
DA:2,1
DA:3,1
DA:5,1
DA:6,0
DA:7,0
DA:8,0
DA:10,0
DA:13,0
DA:21,1
DA:22,0
DA:23,0
DA:24,0
DA:25,0
DA:28,0
DA:29,0
DA:39,1
LF:17
LH:6
BRDA:8,1,0,0
BRDA:8,1,1,0
BRDA:23,2,0,0
BRDA:23,2,1,0
BRDA:24,3,0,0
BRDA:24,3,1,0
BRDA:24,4,0,0
BRDA:24,4,1,0
BRF:8
BRH:0
end_of_record
TN:
SF:/Users/seaner/development/wdi-group-project/controllers/products.js
FN:3,productsIndex
FN:17,productsShow
FN:26,productsUpdate
FN:34,productsDelete
FNF:4
FNH:0
FNDA:0,productsIndex
FNDA:0,productsShow
FNDA:0,productsUpdate
FNDA:0,productsDelete
DA:1,1
DA:3,1
DA:4,0
DA:8,0
DA:9,0
DA:12,0
DA:17,1
DA:18,0
DA:19,0
DA:20,0
DA:21,0
DA:22,0
DA:26,1
DA:27,0
DA:28,0
DA:29,0
DA:30,0
DA:34,1
DA:35,0
DA:36,0
DA:37,0
DA:38,0
DA:42,1
LF:23
LH:6
BRDA:12,1,0,0
BRDA:12,1,1,0
BRDA:20,2,0,0
BRDA:20,2,1,0
BRDA:21,3,0,0
BRDA:21,3,1,0
BRDA:28,4,0,0
BRDA:28,4,1,0
BRDA:29,5,0,0
BRDA:29,5,1,0
BRDA:36,6,0,0
BRDA:36,6,1,0
BRDA:37,7,0,0
BRDA:37,7,1,0
BRF:14
BRH:0
end_of_record
TN:
SF:/Users/seaner/development/wdi-group-project/models/product.js
FNF:0
FNH:0
DA:1,1
DA:3,1
DA:26,1
LF:3
LH:3
BRF:0
BRH:0
end_of_record
