TN:
SF:/Users/seaner/development/wdi-group-project/index.js
FNF:0
FNH:0
DA:1,1
DA:2,1
DA:3,1
DA:4,1
DA:7,1
DA:8,1
DA:9,1
DA:10,1
DA:11,1
DA:12,1
DA:13,1
DA:14,1
DA:17,1
DA:20,1
DA:22,1
DA:23,1
DA:24,1
DA:25,1
DA:28,1
DA:38,1
DA:40,1
LF:21
LH:21
BRDA:2,1,0,1
BRDA:2,1,1,1
BRDA:22,2,0,1
BRDA:22,2,1,0
BRF:4
BRH:3
end_of_record
TN:
SF:/Users/seaner/development/wdi-group-project/config/env.js
FNF:0
FNH:0
DA:2,1
LF:1
LH:1
BRDA:9,1,0,1
BRDA:9,1,1,1
BRF:2
BRH:2
end_of_record
TN:
SF:/Users/seaner/development/wdi-group-project/config/routes.js
FNF:0
FNH:0
LF:0
LH:0
BRF:0
BRH:0
end_of_record
TN:
SF:/Users/seaner/development/wdi-group-project/models/product.js
FNF:0
FNH:0
DA:1,1
DA:3,1
DA:26,1
LF:3
LH:3
BRF:0
BRH:0
end_of_record
